#5.42513,2.42387,22.28
#4.79406,2.15303,3.84181
#4.79406,2.15303,3.84181
#4.79406,2.15303,3.84181
#-0.0296477,0.366801,3.09679
#-0.0296477,0.366801,3.09679
#-0.0296477,0.366801,3.09679
#2.02433,1.41581,0.212173
#2.02433,1.41581,0.212173
#2.02433,1.41581,0.212173
#0.685591,0.848096,0.136487
#0.685591,0.848096,0.136487
#0.685591,0.848096,0.136487
#0.685591,0.848096,0.136487
#0.685591,0.848096,0.136487
#0.685591,0.848096,0.136487
#0.685591,0.848096,0.136487
#0.685591,0.848096,0.136487
#1.7258,1.31511,0.100667
#1.03389,1.00641,0.0442542
#1.03389,1.00641,0.0442542
#1.03389,1.00641,0.0442542
#0.894366,0.949578,0.00791722
#0.894366,0.949578,0.00791722
#0.894366,0.949578,0.00791722
#0.894366,0.949578,0.00791722
#0.894366,0.949578,0.00791722
#0.894366,0.949578,0.00791722
#0.894366,0.949578,0.00791722
#0.894366,0.949578,0.00791722
